<?xml version="1.0" encoding="UTF-8"?>
<!-- Generated by org.testng.reporters.JUnitReportReporter -->
<testsuite hostname="mahen-PC" name="com.mvntng.TestMvnTng" tests="1" failures="0" timestamp="28 Jun 2017 08:29:51 GMT" time="11.512" errors="0">
  <testcase name="demoAuto" time="11.512" classname="com.mvntng.TestMvnTng"/>
</testsuite> <!-- com.mvntng.TestMvnTng -->
